<?xml version="1.0" encoding="UTF-8"?>
<testsuite xmlns:xsi="http://www.w3.org/2001/XMLSchema-instance" xsi:noNamespaceSchemaLocation="https://maven.apache.org/surefire/maven-surefire-plugin/xsd/surefire-test-report.xsd" version="3.0.2" name="br.com.meettime.desafiooauth.DesafioOauthApplicationTests" time="1.938" tests="1" errors="0" skipped="0" failures="0">
  <properties>
    <property name="java.specification.version" value="21"/>
    <property name="sun.jnu.encoding" value="UTF-8"/>
    <property name="java.class.path" value="/Users/alexsandermartins/IdeaProjects/desafio-oauth/target/test-classes:/Users/alexsandermartins/IdeaProjects/desafio-oauth/target/classes:/Users/alexsandermartins/.m2/repository/org/springframework/boot/spring-boot-starter-oauth2-client/3.4.3/spring-boot-starter-oauth2-client-3.4.3.jar:/Users/alexsandermartins/.m2/repository/org/springframework/boot/spring-boot-starter/3.4.3/spring-boot-starter-3.4.3.jar:/Users/alexsandermartins/.m2/repository/org/springframework/boot/spring-boot/3.4.3/spring-boot-3.4.3.jar:/Users/alexsandermartins/.m2/repository/org/springframework/boot/spring-boot-autoconfigure/3.4.3/spring-boot-autoconfigure-3.4.3.jar:/Users/alexsandermartins/.m2/repository/org/springframework/boot/spring-boot-starter-logging/3.4.3/spring-boot-starter-logging-3.4.3.jar:/Users/alexsandermartins/.m2/repository/ch/qos/logback/logback-classic/1.5.16/logback-classic-1.5.16.jar:/Users/alexsandermartins/.m2/repository/ch/qos/logback/logback-core/1.5.16/logback-core-1.5.16.jar:/Users/alexsandermartins/.m2/repository/org/apache/logging/log4j/log4j-to-slf4j/2.24.3/log4j-to-slf4j-2.24.3.jar:/Users/alexsandermartins/.m2/repository/org/apache/logging/log4j/log4j-api/2.24.3/log4j-api-2.24.3.jar:/Users/alexsandermartins/.m2/repository/org/slf4j/jul-to-slf4j/2.0.16/jul-to-slf4j-2.0.16.jar:/Users/alexsandermartins/.m2/repository/jakarta/annotation/jakarta.annotation-api/2.1.1/jakarta.annotation-api-2.1.1.jar:/Users/alexsandermartins/.m2/repository/org/yaml/snakeyaml/2.3/snakeyaml-2.3.jar:/Users/alexsandermartins/.m2/repository/org/springframework/security/spring-security-config/6.4.3/spring-security-config-6.4.3.jar:/Users/alexsandermartins/.m2/repository/org/springframework/spring-aop/6.2.3/spring-aop-6.2.3.jar:/Users/alexsandermartins/.m2/repository/org/springframework/spring-beans/6.2.3/spring-beans-6.2.3.jar:/Users/alexsandermartins/.m2/repository/org/springframework/spring-context/6.2.3/spring-context-6.2.3.jar:/Users/alexsandermartins/.m2/repository/org/springframework/security/spring-security-core/6.4.3/spring-security-core-6.4.3.jar:/Users/alexsandermartins/.m2/repository/org/springframework/security/spring-security-crypto/6.4.3/spring-security-crypto-6.4.3.jar:/Users/alexsandermartins/.m2/repository/org/springframework/spring-expression/6.2.3/spring-expression-6.2.3.jar:/Users/alexsandermartins/.m2/repository/io/micrometer/micrometer-observation/1.14.4/micrometer-observation-1.14.4.jar:/Users/alexsandermartins/.m2/repository/io/micrometer/micrometer-commons/1.14.4/micrometer-commons-1.14.4.jar:/Users/alexsandermartins/.m2/repository/org/springframework/security/spring-security-oauth2-client/6.4.3/spring-security-oauth2-client-6.4.3.jar:/Users/alexsandermartins/.m2/repository/org/springframework/security/spring-security-oauth2-core/6.4.3/spring-security-oauth2-core-6.4.3.jar:/Users/alexsandermartins/.m2/repository/com/nimbusds/oauth2-oidc-sdk/9.43.6/oauth2-oidc-sdk-9.43.6.jar:/Users/alexsandermartins/.m2/repository/com/github/stephenc/jcip/jcip-annotations/1.0-1/jcip-annotations-1.0-1.jar:/Users/alexsandermartins/.m2/repository/com/nimbusds/content-type/2.2/content-type-2.2.jar:/Users/alexsandermartins/.m2/repository/com/nimbusds/lang-tag/1.7/lang-tag-1.7.jar:/Users/alexsandermartins/.m2/repository/org/springframework/security/spring-security-oauth2-jose/6.4.3/spring-security-oauth2-jose-6.4.3.jar:/Users/alexsandermartins/.m2/repository/com/nimbusds/nimbus-jose-jwt/9.37.3/nimbus-jose-jwt-9.37.3.jar:/Users/alexsandermartins/.m2/repository/org/springframework/boot/spring-boot-starter-web/3.4.3/spring-boot-starter-web-3.4.3.jar:/Users/alexsandermartins/.m2/repository/org/springframework/boot/spring-boot-starter-json/3.4.3/spring-boot-starter-json-3.4.3.jar:/Users/alexsandermartins/.m2/repository/com/fasterxml/jackson/core/jackson-databind/2.18.2/jackson-databind-2.18.2.jar:/Users/alexsandermartins/.m2/repository/com/fasterxml/jackson/core/jackson-annotations/2.18.2/jackson-annotations-2.18.2.jar:/Users/alexsandermartins/.m2/repository/com/fasterxml/jackson/core/jackson-core/2.18.2/jackson-core-2.18.2.jar:/Users/alexsandermartins/.m2/repository/com/fasterxml/jackson/datatype/jackson-datatype-jdk8/2.18.2/jackson-datatype-jdk8-2.18.2.jar:/Users/alexsandermartins/.m2/repository/com/fasterxml/jackson/datatype/jackson-datatype-jsr310/2.18.2/jackson-datatype-jsr310-2.18.2.jar:/Users/alexsandermartins/.m2/repository/com/fasterxml/jackson/module/jackson-module-parameter-names/2.18.2/jackson-module-parameter-names-2.18.2.jar:/Users/alexsandermartins/.m2/repository/org/springframework/boot/spring-boot-starter-tomcat/3.4.3/spring-boot-starter-tomcat-3.4.3.jar:/Users/alexsandermartins/.m2/repository/org/apache/tomcat/embed/tomcat-embed-core/10.1.36/tomcat-embed-core-10.1.36.jar:/Users/alexsandermartins/.m2/repository/org/apache/tomcat/embed/tomcat-embed-el/10.1.36/tomcat-embed-el-10.1.36.jar:/Users/alexsandermartins/.m2/repository/org/apache/tomcat/embed/tomcat-embed-websocket/10.1.36/tomcat-embed-websocket-10.1.36.jar:/Users/alexsandermartins/.m2/repository/org/springframework/spring-web/6.2.3/spring-web-6.2.3.jar:/Users/alexsandermartins/.m2/repository/org/springframework/spring-webmvc/6.2.3/spring-webmvc-6.2.3.jar:/Users/alexsandermartins/.m2/repository/com/giffing/bucket4j/spring/boot/starter/bucket4j-spring-boot-starter/0.5.2/bucket4j-spring-boot-starter-0.5.2.jar:/Users/alexsandermartins/.m2/repository/com/giffing/bucket4j/spring/boot/starter/bucket4j-spring-boot-starter-context/0.5.2/bucket4j-spring-boot-starter-context-0.5.2.jar:/Users/alexsandermartins/.m2/repository/javax/cache/cache-api/1.1.1/cache-api-1.1.1.jar:/Users/alexsandermartins/.m2/repository/com/github/vladimir-bukhtoyarov/bucket4j-core/7.0.0/bucket4j-core-7.0.0.jar:/Users/alexsandermartins/.m2/repository/com/github/vladimir-bukhtoyarov/bucket4j-jcache/7.0.0/bucket4j-jcache-7.0.0.jar:/Users/alexsandermartins/.m2/repository/org/ehcache/ehcache/3.10.8/ehcache-3.10.8.jar:/Users/alexsandermartins/.m2/repository/org/glassfish/jaxb/jaxb-runtime/4.0.5/jaxb-runtime-4.0.5.jar:/Users/alexsandermartins/.m2/repository/org/glassfish/jaxb/jaxb-core/4.0.5/jaxb-core-4.0.5.jar:/Users/alexsandermartins/.m2/repository/org/eclipse/angus/angus-activation/2.0.2/angus-activation-2.0.2.jar:/Users/alexsandermartins/.m2/repository/org/glassfish/jaxb/txw2/4.0.5/txw2-4.0.5.jar:/Users/alexsandermartins/.m2/repository/com/sun/istack/istack-commons-runtime/4.1.2/istack-commons-runtime-4.1.2.jar:/Users/alexsandermartins/.m2/repository/com/hazelcast/hazelcast-spring/5.1.1/hazelcast-spring-5.1.1.jar:/Users/alexsandermartins/.m2/repository/com/hazelcast/hazelcast/5.5.0/hazelcast-5.5.0.jar:/Users/alexsandermartins/.m2/repository/org/springframework/boot/spring-boot-starter-cache/3.4.3/spring-boot-starter-cache-3.4.3.jar:/Users/alexsandermartins/.m2/repository/org/springframework/spring-context-support/6.2.3/spring-context-support-6.2.3.jar:/Users/alexsandermartins/.m2/repository/org/springframework/boot/spring-boot-starter-test/3.4.3/spring-boot-starter-test-3.4.3.jar:/Users/alexsandermartins/.m2/repository/org/springframework/boot/spring-boot-test/3.4.3/spring-boot-test-3.4.3.jar:/Users/alexsandermartins/.m2/repository/org/springframework/boot/spring-boot-test-autoconfigure/3.4.3/spring-boot-test-autoconfigure-3.4.3.jar:/Users/alexsandermartins/.m2/repository/com/jayway/jsonpath/json-path/2.9.0/json-path-2.9.0.jar:/Users/alexsandermartins/.m2/repository/org/slf4j/slf4j-api/2.0.16/slf4j-api-2.0.16.jar:/Users/alexsandermartins/.m2/repository/jakarta/xml/bind/jakarta.xml.bind-api/4.0.2/jakarta.xml.bind-api-4.0.2.jar:/Users/alexsandermartins/.m2/repository/jakarta/activation/jakarta.activation-api/2.1.3/jakarta.activation-api-2.1.3.jar:/Users/alexsandermartins/.m2/repository/net/minidev/json-smart/2.5.2/json-smart-2.5.2.jar:/Users/alexsandermartins/.m2/repository/net/minidev/accessors-smart/2.5.2/accessors-smart-2.5.2.jar:/Users/alexsandermartins/.m2/repository/org/ow2/asm/asm/9.7.1/asm-9.7.1.jar:/Users/alexsandermartins/.m2/repository/org/assertj/assertj-core/3.26.3/assertj-core-3.26.3.jar:/Users/alexsandermartins/.m2/repository/net/bytebuddy/byte-buddy/1.15.11/byte-buddy-1.15.11.jar:/Users/alexsandermartins/.m2/repository/org/awaitility/awaitility/4.2.2/awaitility-4.2.2.jar:/Users/alexsandermartins/.m2/repository/org/hamcrest/hamcrest/2.2/hamcrest-2.2.jar:/Users/alexsandermartins/.m2/repository/org/junit/jupiter/junit-jupiter/5.11.4/junit-jupiter-5.11.4.jar:/Users/alexsandermartins/.m2/repository/org/junit/jupiter/junit-jupiter-api/5.11.4/junit-jupiter-api-5.11.4.jar:/Users/alexsandermartins/.m2/repository/org/opentest4j/opentest4j/1.3.0/opentest4j-1.3.0.jar:/Users/alexsandermartins/.m2/repository/org/junit/platform/junit-platform-commons/1.11.4/junit-platform-commons-1.11.4.jar:/Users/alexsandermartins/.m2/repository/org/apiguardian/apiguardian-api/1.1.2/apiguardian-api-1.1.2.jar:/Users/alexsandermartins/.m2/repository/org/junit/jupiter/junit-jupiter-params/5.11.4/junit-jupiter-params-5.11.4.jar:/Users/alexsandermartins/.m2/repository/org/junit/jupiter/junit-jupiter-engine/5.11.4/junit-jupiter-engine-5.11.4.jar:/Users/alexsandermartins/.m2/repository/org/junit/platform/junit-platform-engine/1.11.4/junit-platform-engine-1.11.4.jar:/Users/alexsandermartins/.m2/repository/org/mockito/mockito-core/5.14.2/mockito-core-5.14.2.jar:/Users/alexsandermartins/.m2/repository/net/bytebuddy/byte-buddy-agent/1.15.11/byte-buddy-agent-1.15.11.jar:/Users/alexsandermartins/.m2/repository/org/objenesis/objenesis/3.3/objenesis-3.3.jar:/Users/alexsandermartins/.m2/repository/org/mockito/mockito-junit-jupiter/5.14.2/mockito-junit-jupiter-5.14.2.jar:/Users/alexsandermartins/.m2/repository/org/skyscreamer/jsonassert/1.5.3/jsonassert-1.5.3.jar:/Users/alexsandermartins/.m2/repository/com/vaadin/external/google/android-json/0.0.20131108.vaadin1/android-json-0.0.20131108.vaadin1.jar:/Users/alexsandermartins/.m2/repository/org/springframework/spring-core/6.2.3/spring-core-6.2.3.jar:/Users/alexsandermartins/.m2/repository/org/springframework/spring-jcl/6.2.3/spring-jcl-6.2.3.jar:/Users/alexsandermartins/.m2/repository/org/springframework/spring-test/6.2.3/spring-test-6.2.3.jar:/Users/alexsandermartins/.m2/repository/org/xmlunit/xmlunit-core/2.10.0/xmlunit-core-2.10.0.jar:/Users/alexsandermartins/.m2/repository/org/springframework/security/spring-security-test/6.4.3/spring-security-test-6.4.3.jar:/Users/alexsandermartins/.m2/repository/org/springframework/security/spring-security-web/6.4.3/spring-security-web-6.4.3.jar:"/>
    <property name="java.vm.vendor" value="Amazon.com Inc."/>
    <property name="sun.arch.data.model" value="64"/>
    <property name="java.vendor.url" value="https://aws.amazon.com/corretto/"/>
    <property name="user.timezone" value="America/Sao_Paulo"/>
    <property name="os.name" value="Mac OS X"/>
    <property name="java.vm.specification.version" value="21"/>
    <property name="APPLICATION_NAME" value="desafio-oauth"/>
    <property name="sun.java.launcher" value="SUN_STANDARD"/>
    <property name="user.country" value="BR"/>
    <property name="sun.boot.library.path" value="/Users/alexsandermartins/Library/Java/JavaVirtualMachines/corretto-21.0.6/Contents/Home/lib"/>
    <property name="sun.java.command" value="/Users/alexsandermartins/IdeaProjects/desafio-oauth/target/surefire/surefirebooter-20250307015027078_3.jar /Users/alexsandermartins/IdeaProjects/desafio-oauth/target/surefire 2025-03-07T01-50-26_856-jvmRun1 surefire-20250307015027078_1tmp surefire_0-20250307015027078_2tmp"/>
    <property name="http.nonProxyHosts" value="local|*.local|169.254/16|*.169.254/16"/>
    <property name="jdk.debug" value="release"/>
    <property name="surefire.test.class.path" value="/Users/alexsandermartins/IdeaProjects/desafio-oauth/target/test-classes:/Users/alexsandermartins/IdeaProjects/desafio-oauth/target/classes:/Users/alexsandermartins/.m2/repository/org/springframework/boot/spring-boot-starter-oauth2-client/3.4.3/spring-boot-starter-oauth2-client-3.4.3.jar:/Users/alexsandermartins/.m2/repository/org/springframework/boot/spring-boot-starter/3.4.3/spring-boot-starter-3.4.3.jar:/Users/alexsandermartins/.m2/repository/org/springframework/boot/spring-boot/3.4.3/spring-boot-3.4.3.jar:/Users/alexsandermartins/.m2/repository/org/springframework/boot/spring-boot-autoconfigure/3.4.3/spring-boot-autoconfigure-3.4.3.jar:/Users/alexsandermartins/.m2/repository/org/springframework/boot/spring-boot-starter-logging/3.4.3/spring-boot-starter-logging-3.4.3.jar:/Users/alexsandermartins/.m2/repository/ch/qos/logback/logback-classic/1.5.16/logback-classic-1.5.16.jar:/Users/alexsandermartins/.m2/repository/ch/qos/logback/logback-core/1.5.16/logback-core-1.5.16.jar:/Users/alexsandermartins/.m2/repository/org/apache/logging/log4j/log4j-to-slf4j/2.24.3/log4j-to-slf4j-2.24.3.jar:/Users/alexsandermartins/.m2/repository/org/apache/logging/log4j/log4j-api/2.24.3/log4j-api-2.24.3.jar:/Users/alexsandermartins/.m2/repository/org/slf4j/jul-to-slf4j/2.0.16/jul-to-slf4j-2.0.16.jar:/Users/alexsandermartins/.m2/repository/jakarta/annotation/jakarta.annotation-api/2.1.1/jakarta.annotation-api-2.1.1.jar:/Users/alexsandermartins/.m2/repository/org/yaml/snakeyaml/2.3/snakeyaml-2.3.jar:/Users/alexsandermartins/.m2/repository/org/springframework/security/spring-security-config/6.4.3/spring-security-config-6.4.3.jar:/Users/alexsandermartins/.m2/repository/org/springframework/spring-aop/6.2.3/spring-aop-6.2.3.jar:/Users/alexsandermartins/.m2/repository/org/springframework/spring-beans/6.2.3/spring-beans-6.2.3.jar:/Users/alexsandermartins/.m2/repository/org/springframework/spring-context/6.2.3/spring-context-6.2.3.jar:/Users/alexsandermartins/.m2/repository/org/springframework/security/spring-security-core/6.4.3/spring-security-core-6.4.3.jar:/Users/alexsandermartins/.m2/repository/org/springframework/security/spring-security-crypto/6.4.3/spring-security-crypto-6.4.3.jar:/Users/alexsandermartins/.m2/repository/org/springframework/spring-expression/6.2.3/spring-expression-6.2.3.jar:/Users/alexsandermartins/.m2/repository/io/micrometer/micrometer-observation/1.14.4/micrometer-observation-1.14.4.jar:/Users/alexsandermartins/.m2/repository/io/micrometer/micrometer-commons/1.14.4/micrometer-commons-1.14.4.jar:/Users/alexsandermartins/.m2/repository/org/springframework/security/spring-security-oauth2-client/6.4.3/spring-security-oauth2-client-6.4.3.jar:/Users/alexsandermartins/.m2/repository/org/springframework/security/spring-security-oauth2-core/6.4.3/spring-security-oauth2-core-6.4.3.jar:/Users/alexsandermartins/.m2/repository/com/nimbusds/oauth2-oidc-sdk/9.43.6/oauth2-oidc-sdk-9.43.6.jar:/Users/alexsandermartins/.m2/repository/com/github/stephenc/jcip/jcip-annotations/1.0-1/jcip-annotations-1.0-1.jar:/Users/alexsandermartins/.m2/repository/com/nimbusds/content-type/2.2/content-type-2.2.jar:/Users/alexsandermartins/.m2/repository/com/nimbusds/lang-tag/1.7/lang-tag-1.7.jar:/Users/alexsandermartins/.m2/repository/org/springframework/security/spring-security-oauth2-jose/6.4.3/spring-security-oauth2-jose-6.4.3.jar:/Users/alexsandermartins/.m2/repository/com/nimbusds/nimbus-jose-jwt/9.37.3/nimbus-jose-jwt-9.37.3.jar:/Users/alexsandermartins/.m2/repository/org/springframework/boot/spring-boot-starter-web/3.4.3/spring-boot-starter-web-3.4.3.jar:/Users/alexsandermartins/.m2/repository/org/springframework/boot/spring-boot-starter-json/3.4.3/spring-boot-starter-json-3.4.3.jar:/Users/alexsandermartins/.m2/repository/com/fasterxml/jackson/core/jackson-databind/2.18.2/jackson-databind-2.18.2.jar:/Users/alexsandermartins/.m2/repository/com/fasterxml/jackson/core/jackson-annotations/2.18.2/jackson-annotations-2.18.2.jar:/Users/alexsandermartins/.m2/repository/com/fasterxml/jackson/core/jackson-core/2.18.2/jackson-core-2.18.2.jar:/Users/alexsandermartins/.m2/repository/com/fasterxml/jackson/datatype/jackson-datatype-jdk8/2.18.2/jackson-datatype-jdk8-2.18.2.jar:/Users/alexsandermartins/.m2/repository/com/fasterxml/jackson/datatype/jackson-datatype-jsr310/2.18.2/jackson-datatype-jsr310-2.18.2.jar:/Users/alexsandermartins/.m2/repository/com/fasterxml/jackson/module/jackson-module-parameter-names/2.18.2/jackson-module-parameter-names-2.18.2.jar:/Users/alexsandermartins/.m2/repository/org/springframework/boot/spring-boot-starter-tomcat/3.4.3/spring-boot-starter-tomcat-3.4.3.jar:/Users/alexsandermartins/.m2/repository/org/apache/tomcat/embed/tomcat-embed-core/10.1.36/tomcat-embed-core-10.1.36.jar:/Users/alexsandermartins/.m2/repository/org/apache/tomcat/embed/tomcat-embed-el/10.1.36/tomcat-embed-el-10.1.36.jar:/Users/alexsandermartins/.m2/repository/org/apache/tomcat/embed/tomcat-embed-websocket/10.1.36/tomcat-embed-websocket-10.1.36.jar:/Users/alexsandermartins/.m2/repository/org/springframework/spring-web/6.2.3/spring-web-6.2.3.jar:/Users/alexsandermartins/.m2/repository/org/springframework/spring-webmvc/6.2.3/spring-webmvc-6.2.3.jar:/Users/alexsandermartins/.m2/repository/com/giffing/bucket4j/spring/boot/starter/bucket4j-spring-boot-starter/0.5.2/bucket4j-spring-boot-starter-0.5.2.jar:/Users/alexsandermartins/.m2/repository/com/giffing/bucket4j/spring/boot/starter/bucket4j-spring-boot-starter-context/0.5.2/bucket4j-spring-boot-starter-context-0.5.2.jar:/Users/alexsandermartins/.m2/repository/javax/cache/cache-api/1.1.1/cache-api-1.1.1.jar:/Users/alexsandermartins/.m2/repository/com/github/vladimir-bukhtoyarov/bucket4j-core/7.0.0/bucket4j-core-7.0.0.jar:/Users/alexsandermartins/.m2/repository/com/github/vladimir-bukhtoyarov/bucket4j-jcache/7.0.0/bucket4j-jcache-7.0.0.jar:/Users/alexsandermartins/.m2/repository/org/ehcache/ehcache/3.10.8/ehcache-3.10.8.jar:/Users/alexsandermartins/.m2/repository/org/glassfish/jaxb/jaxb-runtime/4.0.5/jaxb-runtime-4.0.5.jar:/Users/alexsandermartins/.m2/repository/org/glassfish/jaxb/jaxb-core/4.0.5/jaxb-core-4.0.5.jar:/Users/alexsandermartins/.m2/repository/org/eclipse/angus/angus-activation/2.0.2/angus-activation-2.0.2.jar:/Users/alexsandermartins/.m2/repository/org/glassfish/jaxb/txw2/4.0.5/txw2-4.0.5.jar:/Users/alexsandermartins/.m2/repository/com/sun/istack/istack-commons-runtime/4.1.2/istack-commons-runtime-4.1.2.jar:/Users/alexsandermartins/.m2/repository/com/hazelcast/hazelcast-spring/5.1.1/hazelcast-spring-5.1.1.jar:/Users/alexsandermartins/.m2/repository/com/hazelcast/hazelcast/5.5.0/hazelcast-5.5.0.jar:/Users/alexsandermartins/.m2/repository/org/springframework/boot/spring-boot-starter-cache/3.4.3/spring-boot-starter-cache-3.4.3.jar:/Users/alexsandermartins/.m2/repository/org/springframework/spring-context-support/6.2.3/spring-context-support-6.2.3.jar:/Users/alexsandermartins/.m2/repository/org/springframework/boot/spring-boot-starter-test/3.4.3/spring-boot-starter-test-3.4.3.jar:/Users/alexsandermartins/.m2/repository/org/springframework/boot/spring-boot-test/3.4.3/spring-boot-test-3.4.3.jar:/Users/alexsandermartins/.m2/repository/org/springframework/boot/spring-boot-test-autoconfigure/3.4.3/spring-boot-test-autoconfigure-3.4.3.jar:/Users/alexsandermartins/.m2/repository/com/jayway/jsonpath/json-path/2.9.0/json-path-2.9.0.jar:/Users/alexsandermartins/.m2/repository/org/slf4j/slf4j-api/2.0.16/slf4j-api-2.0.16.jar:/Users/alexsandermartins/.m2/repository/jakarta/xml/bind/jakarta.xml.bind-api/4.0.2/jakarta.xml.bind-api-4.0.2.jar:/Users/alexsandermartins/.m2/repository/jakarta/activation/jakarta.activation-api/2.1.3/jakarta.activation-api-2.1.3.jar:/Users/alexsandermartins/.m2/repository/net/minidev/json-smart/2.5.2/json-smart-2.5.2.jar:/Users/alexsandermartins/.m2/repository/net/minidev/accessors-smart/2.5.2/accessors-smart-2.5.2.jar:/Users/alexsandermartins/.m2/repository/org/ow2/asm/asm/9.7.1/asm-9.7.1.jar:/Users/alexsandermartins/.m2/repository/org/assertj/assertj-core/3.26.3/assertj-core-3.26.3.jar:/Users/alexsandermartins/.m2/repository/net/bytebuddy/byte-buddy/1.15.11/byte-buddy-1.15.11.jar:/Users/alexsandermartins/.m2/repository/org/awaitility/awaitility/4.2.2/awaitility-4.2.2.jar:/Users/alexsandermartins/.m2/repository/org/hamcrest/hamcrest/2.2/hamcrest-2.2.jar:/Users/alexsandermartins/.m2/repository/org/junit/jupiter/junit-jupiter/5.11.4/junit-jupiter-5.11.4.jar:/Users/alexsandermartins/.m2/repository/org/junit/jupiter/junit-jupiter-api/5.11.4/junit-jupiter-api-5.11.4.jar:/Users/alexsandermartins/.m2/repository/org/opentest4j/opentest4j/1.3.0/opentest4j-1.3.0.jar:/Users/alexsandermartins/.m2/repository/org/junit/platform/junit-platform-commons/1.11.4/junit-platform-commons-1.11.4.jar:/Users/alexsandermartins/.m2/repository/org/apiguardian/apiguardian-api/1.1.2/apiguardian-api-1.1.2.jar:/Users/alexsandermartins/.m2/repository/org/junit/jupiter/junit-jupiter-params/5.11.4/junit-jupiter-params-5.11.4.jar:/Users/alexsandermartins/.m2/repository/org/junit/jupiter/junit-jupiter-engine/5.11.4/junit-jupiter-engine-5.11.4.jar:/Users/alexsandermartins/.m2/repository/org/junit/platform/junit-platform-engine/1.11.4/junit-platform-engine-1.11.4.jar:/Users/alexsandermartins/.m2/repository/org/mockito/mockito-core/5.14.2/mockito-core-5.14.2.jar:/Users/alexsandermartins/.m2/repository/net/bytebuddy/byte-buddy-agent/1.15.11/byte-buddy-agent-1.15.11.jar:/Users/alexsandermartins/.m2/repository/org/objenesis/objenesis/3.3/objenesis-3.3.jar:/Users/alexsandermartins/.m2/repository/org/mockito/mockito-junit-jupiter/5.14.2/mockito-junit-jupiter-5.14.2.jar:/Users/alexsandermartins/.m2/repository/org/skyscreamer/jsonassert/1.5.3/jsonassert-1.5.3.jar:/Users/alexsandermartins/.m2/repository/com/vaadin/external/google/android-json/0.0.20131108.vaadin1/android-json-0.0.20131108.vaadin1.jar:/Users/alexsandermartins/.m2/repository/org/springframework/spring-core/6.2.3/spring-core-6.2.3.jar:/Users/alexsandermartins/.m2/repository/org/springframework/spring-jcl/6.2.3/spring-jcl-6.2.3.jar:/Users/alexsandermartins/.m2/repository/org/springframework/spring-test/6.2.3/spring-test-6.2.3.jar:/Users/alexsandermartins/.m2/repository/org/xmlunit/xmlunit-core/2.10.0/xmlunit-core-2.10.0.jar:/Users/alexsandermartins/.m2/repository/org/springframework/security/spring-security-test/6.4.3/spring-security-test-6.4.3.jar:/Users/alexsandermartins/.m2/repository/org/springframework/security/spring-security-web/6.4.3/spring-security-web-6.4.3.jar:"/>
    <property name="sun.cpu.endian" value="little"/>
    <property name="user.home" value="/Users/alexsandermartins"/>
    <property name="user.language" value="pt"/>
    <property name="java.specification.vendor" value="Oracle Corporation"/>
    <property name="java.version.date" value="2025-01-21"/>
    <property name="java.home" value="/Users/alexsandermartins/Library/Java/JavaVirtualMachines/corretto-21.0.6/Contents/Home"/>
    <property name="file.separator" value="/"/>
    <property name="basedir" value="/Users/alexsandermartins/IdeaProjects/desafio-oauth"/>
    <property name="java.vm.compressedOopsMode" value="Zero based"/>
    <property name="line.separator" value="&#10;"/>
    <property name="java.vm.specification.vendor" value="Oracle Corporation"/>
    <property name="java.specification.name" value="Java Platform API Specification"/>
    <property name="FILE_LOG_CHARSET" value="UTF-8"/>
    <property name="java.awt.headless" value="true"/>
    <property name="apple.awt.application.name" value="ForkedBooter"/>
    <property name="surefire.real.class.path" value="/Users/alexsandermartins/IdeaProjects/desafio-oauth/target/surefire/surefirebooter-20250307015027078_3.jar"/>
    <property name="sun.management.compiler" value="HotSpot 64-Bit Tiered Compilers"/>
    <property name="ftp.nonProxyHosts" value="local|*.local|169.254/16|*.169.254/16"/>
    <property name="java.runtime.version" value="21.0.6+7-LTS"/>
    <property name="user.name" value="alexsandermartins"/>
    <property name="stdout.encoding" value="UTF-8"/>
    <property name="path.separator" value=":"/>
    <property name="os.version" value="15.2"/>
    <property name="java.runtime.name" value="OpenJDK Runtime Environment"/>
    <property name="file.encoding" value="UTF-8"/>
    <property name="java.vm.name" value="OpenJDK 64-Bit Server VM"/>
    <property name="java.vendor.version" value="Corretto-21.0.6.7.1"/>
    <property name="localRepository" value="/Users/alexsandermartins/.m2/repository"/>
    <property name="java.vendor.url.bug" value="https://github.com/corretto/corretto-21/issues/"/>
    <property name="java.io.tmpdir" value="/var/folders/8h/hqy3c3z12fbflt3knmv0_3y80000gn/T/"/>
    <property name="idea.version" value="2024.3.4.1"/>
    <property name="java.version" value="21.0.6"/>
    <property name="user.dir" value="/Users/alexsandermartins/IdeaProjects/desafio-oauth"/>
    <property name="os.arch" value="aarch64"/>
    <property name="java.vm.specification.name" value="Java Virtual Machine Specification"/>
    <property name="PID" value="24325"/>
    <property name="CONSOLE_LOG_CHARSET" value="UTF-8"/>
    <property name="native.encoding" value="UTF-8"/>
    <property name="java.library.path" value="/Users/alexsandermartins/Library/Java/Extensions:/Library/Java/Extensions:/Network/Library/Java/Extensions:/System/Library/Java/Extensions:/usr/lib/java:."/>
    <property name="java.vm.info" value="mixed mode, sharing"/>
    <property name="stderr.encoding" value="UTF-8"/>
    <property name="java.vendor" value="Amazon.com Inc."/>
    <property name="java.vm.version" value="21.0.6+7-LTS"/>
    <property name="sun.io.unicode.encoding" value="UnicodeBig"/>
    <property name="socksNonProxyHosts" value="local|*.local|169.254/16|*.169.254/16"/>
    <property name="java.class.version" value="65.0"/>
    <property name="LOGGED_APPLICATION_NAME" value="[desafio-oauth] "/>
  </properties>
  <testcase name="contextLoads" classname="br.com.meettime.desafiooauth.DesafioOauthApplicationTests" time="0.493">
    <system-out><![CDATA[01:50:27.602 [main] INFO org.springframework.test.context.support.AnnotationConfigContextLoaderUtils -- Could not detect default configuration classes for test class [br.com.meettime.desafiooauth.DesafioOauthApplicationTests]: DesafioOauthApplicationTests does not declare any static, non-private, non-final, nested classes annotated with @Configuration.
01:50:27.688 [main] INFO org.springframework.boot.test.context.SpringBootTestContextBootstrapper -- Found @SpringBootConfiguration br.com.meettime.desafiooauth.DesafioOauthApplication for test class br.com.meettime.desafiooauth.DesafioOauthApplicationTests

  .   ____          _            __ _ _
 /\\ / ___'_ __ _ _(_)_ __  __ _ \ \ \ \
( ( )\___ | '_ | '_| | '_ \/ _` | \ \ \ \
 \\/  ___)| |_)| | | | | || (_| |  ) ) ) )
  '  |____| .__|_| |_|_| |_\__, | / / / /
 =========|_|==============|___/=/_/_/_/

 :: Spring Boot ::                (v3.4.3)

2025-03-07T01:50:27.961-03:00  INFO 24325 --- [desafio-oauth] [           main] b.c.m.d.DesafioOauthApplicationTests     : Starting DesafioOauthApplicationTests using Java 21.0.6 with PID 24325 (started by alexsandermartins in /Users/alexsandermartins/IdeaProjects/desafio-oauth)
2025-03-07T01:50:27.962-03:00  INFO 24325 --- [desafio-oauth] [           main] b.c.m.d.DesafioOauthApplicationTests     : No active profile set, falling back to 1 default profile: "default"
2025-03-07T01:50:28.930-03:00  INFO 24325 --- [desafio-oauth] [           main] b.c.m.d.DesafioOauthApplicationTests     : Started DesafioOauthApplicationTests in 1.16 seconds (process running for 1.751)
]]></system-out>
    <system-err><![CDATA[Mockito is currently self-attaching to enable the inline-mock-maker. This will no longer work in future releases of the JDK. Please add Mockito as an agent to your build what is described in Mockito's documentation: https://javadoc.io/doc/org.mockito/mockito-core/latest/org/mockito/Mockito.html#0.3
WARNING: A Java agent has been loaded dynamically (/Users/alexsandermartins/.m2/repository/net/bytebuddy/byte-buddy-agent/1.15.11/byte-buddy-agent-1.15.11.jar)
WARNING: If a serviceability tool is in use, please run with -XX:+EnableDynamicAgentLoading to hide this warning
WARNING: If a serviceability tool is not in use, please run with -Djdk.instrument.traceUsage for more information
WARNING: Dynamic loading of agents will be disallowed by default in a future release
]]></system-err>
  </testcase>
</testsuite>